<?xml version="1.0" encoding="UTF-8"?>
<testsuite name="io.yovelas.thread.demo.ThreadDemo" tests="1" skipped="0" failures="0" errors="0" timestamp="2020-10-10T06:30:59" hostname="DESKTOP-N2FRR0U" time="0.007">
  <properties/>
  <testcase name="tt" classname="io.yovelas.thread.demo.ThreadDemo" time="0.007"/>
  <system-out><![CDATA[aaa
]]></system-out>
  <system-err><![CDATA[]]></system-err>
</testsuite>
